Base path: D:/Editor/Data
Pipe name: \\.\pipe\UnityShaderCompiler-2-7764
Cmd: getPlatforms
Cmd: compileSnippet
  api=1 type=0 insize=898 outsize=158 kw= ok=1
Cmd: compileSnippet
  api=8 type=1 insize=898 outsize=1048 kw= ok=1
Cmd: compileSnippet
  api=1 type=1 insize=1770 outsize=351 kw= ok=1
Cmd: compileSnippet
  api=8 type=0 insize=1381 outsize=1950 kw= ok=1
Cmd: compileSnippet
  api=8 type=0 insize=2154 outsize=2958 kw= ok=1
Cmd: compileSnippet
  api=8 type=1 insize=2154 outsize=2584 kw= ok=1
Cmd: compileSnippet
  api=8 type=0 insize=1788 outsize=2430 kw= ok=1
Cmd: compileSnippet
  api=8 type=1 insize=1788 outsize=2064 kw= ok=1
Cmd: compileSnippet
  api=8 type=1 insize=2219 outsize=2584 kw= ok=1
Cmd: compileSnippet
  api=1 type=0 insize=1852 outsize=308 kw= ok=1
Cmd: compileSnippet
  api=8 type=1 insize=924 outsize=1113 kw= ok=1
Cmd: compileSnippet
  api=8 type=0 insize=2137 outsize=2958 kw= ok=1
Cmd: compileSnippet
  api=1 type=1 insize=2137 outsize=450 kw= ok=1
Cmd: compileSnippet
  api=1 type=0 insize=1329 outsize=186 kw= ok=1
Cmd: compileSnippet
  api=0 type=1 insize=1252 outsize=365 kw= ok=1
Cmd: compileSnippet
  api=1 type=1 insize=1237 outsize=217 kw= ok=1
Cmd: compileSnippet
  api=1 type=0 insize=2284 outsize=425 kw= ok=1
Cmd: compileSnippet
  api=1 type=0 insize=882 outsize=158 kw= ok=1
Cmd: compileSnippet
  api=8 type=0 insize=1917 outsize=2430 kw= ok=1
Unhandled exception: Readfile from pipe failed. GLE=管道已结束。


Quitting shader compiler process
