Unity Player [version: Unity 4.5.4f1_e036f44c54c9]

mono.dll caused an Access Violation (0xc0000005)
  in module mono.dll at 0033:ec9cce24.

Error occurred at 2015-04-12_234056.
E:\simplecs\Client\gameClient1\所有版本的exe\发送协议被正确解析，测试接收协议.exe, run by Administrator.
60% memory in use.
4011 MB physical memory [1590 MB free].
10289 MB paging file [6931 MB free].
8388608 MB user address space [8388223 MB free].
Read from location ffffffff caused an access violation.

Context:
RDI:    0x037184e0  RSI: 0x00000008  RAX:   0xec9cce10
RBX:    0x0d765750  RCX: 0x0bc36ad4  RDX:   0x00000000
RIP:    0xec9cce24  RBP: 0x001eece0  SegCs: 0x00000033
EFlags: 0x00010202  RSP: 0x001eec10  SegSs: 0x0000002b
R8:    0x037184e0  R9: 0x00000008  R10:   0x0000001d
R11:    0x001eec48  R12: 0x00000000  R13:   0x01f94d48
R14:    0x0bc36ad4  R15: 0x00000000

Bytes at CS:EIP:
48 8b 02 48 8b f1 41 8b e9 48 8b 08 48 8b 05 29 Module 1
C:\Windows\system32\xinput1_3.dll
Image Base: 0x00400000  Image Size: 0x0001e000
File Size:  107368      File Time:  2007-04-04_185422
Version:
   Company:    Microsoft Corporation
   Product:    Microsoft? DirectX for Windows?
   FileDesc:   Microsoft Common Controller API
   FileVer:    9.18.944.0
   ProdVer:    9.18.944.0

Module 2
C:\Program Files\NVIDIA Corporation\CoProcManager\detoured.dll
Image Base: 0x0f000000  Image Size: 0x00006000
File Size:  13088       File Time:  2014-01-24_141024
Version:
   Company:    
   Product:    
   FileDesc:   
   FileVer:    0.0.0.0
   ProdVer:    0.0.0.0

Module 3
D:\SogouInput\7.4.1.5157\Resource.dll
Image Base: 0x00001000  Image Size: 0x000c4000
File Size:  804968      File Time:  2015-01-27_195714
Version:
   Company:    Sogou.com Inc.
   Product:    搜狗拼音输入法
   FileDesc:   搜狗拼音输入法 资源
   FileVer:    7.4.1.5157
   ProdVer:    7.4.1.5157

Module 4
C:\Windows\system32\ksuser.dll
Image Base: 0x74430000  Image Size: 0x00006000
File Size:  5120        File Time:  2009-07-14_094114
Version:
   Company:    Microsoft Corporation
   Product:    Microsoft? Windows? Operating System
   FileDesc:   User CSA Library
   FileVer:    6.1.7600.16385
   ProdVer:    6.1.7600.16385

Module 5
C:\Windows\system32\kernel32.dll
Image Base: 0x773b0000  Image Size: 0x0011f000
File Size:  1163264     File Time:  2014-03-04_174402
Version:
   Company:    Microsoft Corporation
   Product:    Microsoft? Windows? Operating System
   FileDesc:   Windows NT 基本 API 客户端 DLL
   FileVer:    6.1.7601.18409
   ProdVer:    6.1.7601.18409

Module 6
C:\Windows\system32\USER32.dll
Image Base: 0x774d0000  Image Size: 0x000fa000
File Size:  1008128     File Time:  2010-11-21_112410
Version:
   Company:    Microsoft Corporation
   Product:    Microsoft? Windows? Operating System
   FileDesc:   多用户 Windows 用户 API 客户端 DLL
   FileVer:    6.1.7601.17514
   ProdVer:    6.1.7601.17514

Module 7
C:\Windows\SYSTEM32\ntdll.dll
Image Base: 0x775d0000  Image Size: 0x001a9000
File Size:  1732032     File Time:  2013-08-02_101546
Version:
   Company:    Microsoft Corporation
   Product:    Microsoft? Windows? Operating System
   FileDesc:   NT 层 DLL
   FileVer:    6.1.7601.18229
   ProdVer:    6.1.7601.18229

Module 8
C:\Windows\system32\PSAPI.DLL
Image Base: 0x777a0000  Image Size: 0x00007000
File Size:  9216        File Time:  2009-07-14_094154
Version:
   Company:    Microsoft Corporation
   Product:    Microsoft? Windows? Operating System
   FileDesc:   Process Status Helper
   FileVer:    6.1.7600.16385
   ProdVer:    6.1.7600.16385


== [end of error.log] ==
